2021-11-02 07:30:01 INFO  .:69 - The execution of method loadFiles started here ...
2021-11-02 07:30:01 INFO  .:84 - The execution of method loadFiles ended here ...
2021-11-02 07:30:04 INFO  .:86 - The execution of method navigate started here ...
2021-11-02 07:30:11 INFO  .:98 - The execution of method navigate ended here ...
2021-11-02 07:30:11 INFO  .:166 - In Test Scenario Login the method navigate execution status is :Pass
2021-11-02 07:30:11 INFO  .:32 - The execution of method login started here ...
2021-11-02 07:30:17 INFO  .:50 - The execution of method login ended here ...
2021-11-02 07:30:17 INFO  .:166 - In Test Scenario Login the method login execution status is :Pass
2021-11-02 07:30:17 INFO  .:76 - The execution of method logout started here ...
2021-11-02 07:30:21 INFO  .:88 - The execution of method logout ended here ...
2021-11-02 07:30:21 INFO  .:166 - In Test Scenario Login the method logout execution status is :Pass
2021-11-02 07:30:21 INFO  .:121 - The execution of method closeApplication started here ...
2021-11-02 07:30:22 INFO  .:124 - The execution of method closeApplication ended here ...
2021-11-02 07:30:22 INFO  .:166 - In Test Scenario Login the method closeApplication execution status is :Pass
2021-11-02 07:30:22 INFO  .:180 - +++++++++++++++++++++++++++++++
2021-11-02 07:30:25 INFO  .:86 - The execution of method navigate started here ...
2021-11-02 07:30:32 INFO  .:98 - The execution of method navigate ended here ...
2021-11-02 07:30:32 INFO  .:166 - In Test Scenario CreateUser the method navigate execution status is :Pass
2021-11-02 07:30:32 INFO  .:32 - The execution of method login started here ...
2021-11-02 07:30:38 INFO  .:50 - The execution of method login ended here ...
2021-11-02 07:30:38 INFO  .:166 - In Test Scenario CreateUser the method login execution status is :Pass
2021-11-02 07:30:38 INFO  .:32 - The execution of method createUser started here ...
2021-11-02 07:30:53 INFO  .:62 - The execution of method createUser ended here ...
2021-11-02 07:30:53 INFO  .:166 - In Test Scenario CreateUser the method createUser execution status is :Pass
2021-11-02 07:30:53 INFO  .:133 - The execution of method deleteUser started here ...
2021-11-02 07:31:02 INFO  .:149 - The execution of method deleteUser ended here ...
2021-11-02 07:31:02 INFO  .:166 - In Test Scenario CreateUser the method deleteUser execution status is :Pass
2021-11-02 07:31:03 INFO  .:76 - The execution of method logout started here ...
2021-11-02 07:31:07 INFO  .:88 - The execution of method logout ended here ...
2021-11-02 07:31:07 INFO  .:166 - In Test Scenario CreateUser the method logout execution status is :Pass
2021-11-02 07:31:07 INFO  .:121 - The execution of method closeApplication started here ...
2021-11-02 07:31:07 INFO  .:124 - The execution of method closeApplication ended here ...
2021-11-02 07:31:07 INFO  .:166 - In Test Scenario CreateUser the method closeApplication execution status is :Pass
2021-11-02 07:31:07 INFO  .:180 - +++++++++++++++++++++++++++++++
2021-11-02 07:31:09 INFO  .:86 - The execution of method navigate started here ...
2021-11-02 07:31:16 INFO  .:98 - The execution of method navigate ended here ...
2021-11-02 07:31:16 INFO  .:166 - In Test Scenario ModifyUser the method navigate execution status is :Pass
2021-11-02 07:31:16 INFO  .:32 - The execution of method login started here ...
2021-11-02 07:31:21 INFO  .:50 - The execution of method login ended here ...
2021-11-02 07:31:21 INFO  .:166 - In Test Scenario ModifyUser the method login execution status is :Pass
2021-11-02 07:31:22 INFO  .:32 - The execution of method createUser started here ...
2021-11-02 07:31:37 INFO  .:62 - The execution of method createUser ended here ...
2021-11-02 07:31:37 INFO  .:166 - In Test Scenario ModifyUser the method createUser execution status is :Pass
2021-11-02 07:31:37 INFO  .:88 - The execution of method modifyUser started here ...
2021-11-02 07:31:47 INFO  .:108 - The execution of method modifyUser ended here ...
2021-11-02 07:31:47 INFO  .:166 - In Test Scenario ModifyUser the method modifyUser execution status is :Fail
2021-11-02 07:31:47 INFO  .:133 - The execution of method deleteUser started here ...
2021-11-02 07:31:56 INFO  .:149 - The execution of method deleteUser ended here ...
2021-11-02 07:31:56 INFO  .:166 - In Test Scenario ModifyUser the method deleteUser execution status is :Pass
2021-11-02 07:31:56 INFO  .:76 - The execution of method logout started here ...
2021-11-02 07:32:01 INFO  .:88 - The execution of method logout ended here ...
2021-11-02 07:32:01 INFO  .:166 - In Test Scenario ModifyUser the method logout execution status is :Pass
2021-11-02 07:32:01 INFO  .:121 - The execution of method closeApplication started here ...
2021-11-02 07:32:01 INFO  .:124 - The execution of method closeApplication ended here ...
2021-11-02 07:32:01 INFO  .:166 - In Test Scenario ModifyUser the method closeApplication execution status is :Pass
2021-11-02 07:32:01 INFO  .:180 - +++++++++++++++++++++++++++++++
2021-11-02 07:32:01 INFO  .:180 - +++++++++++++++++++++++++++++++
2021-11-02 07:32:01 INFO  .:180 - +++++++++++++++++++++++++++++++
2021-11-02 07:32:01 INFO  .:180 - +++++++++++++++++++++++++++++++
2021-11-02 07:32:01 INFO  .:180 - +++++++++++++++++++++++++++++++
2021-11-02 07:32:01 INFO  .:183 - The execution of method executeTestScenarios ended here ...
2021-11-02 07:32:01 INFO  .:205 - The execution of method endAutomationSuite ended here ...
2021-11-02 07:32:01 INFO  .:208 - The execution of method endAutomationSuite ended here ...
2021-11-02 07:49:26 INFO  .:69 - The execution of method loadFiles started here ...
2021-11-02 07:49:26 INFO  .:84 - The execution of method loadFiles ended here ...
2021-11-02 07:49:29 INFO  .:86 - The execution of method navigate started here ...
2021-11-02 07:49:36 INFO  .:98 - The execution of method navigate ended here ...
2021-11-02 07:49:36 INFO  .:166 - In Test Scenario Login the method navigate execution status is :Pass
2021-11-02 07:49:36 INFO  .:32 - The execution of method login started here ...
2021-11-02 07:49:41 INFO  .:50 - The execution of method login ended here ...
2021-11-02 07:49:41 INFO  .:166 - In Test Scenario Login the method login execution status is :Pass
2021-11-02 07:49:44 INFO  .:166 - In Test Scenario Login the method minimizeFlyOutWindow execution status is :Pass
2021-11-02 07:49:44 INFO  .:76 - The execution of method logout started here ...
2021-11-02 07:49:48 INFO  .:88 - The execution of method logout ended here ...
2021-11-02 07:49:48 INFO  .:166 - In Test Scenario Login the method logout execution status is :Pass
2021-11-02 07:49:48 INFO  .:121 - The execution of method closeApplication started here ...
2021-11-02 07:49:48 INFO  .:124 - The execution of method closeApplication ended here ...
2021-11-02 07:49:48 INFO  .:166 - In Test Scenario Login the method closeApplication execution status is :Pass
2021-11-02 07:49:48 INFO  .:180 - +++++++++++++++++++++++++++++++
2021-11-02 07:49:50 INFO  .:86 - The execution of method navigate started here ...
2021-11-02 07:49:58 INFO  .:98 - The execution of method navigate ended here ...
2021-11-02 07:49:58 INFO  .:166 - In Test Scenario CreateUser the method navigate execution status is :Pass
2021-11-02 07:49:59 INFO  .:32 - The execution of method login started here ...
2021-11-02 07:50:04 INFO  .:50 - The execution of method login ended here ...
2021-11-02 07:50:04 INFO  .:166 - In Test Scenario CreateUser the method login execution status is :Pass
2021-11-02 07:50:06 INFO  .:166 - In Test Scenario CreateUser the method minimizeFlyOutWindow execution status is :Pass
2021-11-02 07:50:06 INFO  .:32 - The execution of method createUser started here ...
2021-11-02 07:50:17 INFO  .:60 - The execution of method createUser ended here ...
2021-11-02 07:50:17 INFO  .:166 - In Test Scenario CreateUser the method createUser execution status is :Pass
2021-11-02 07:50:17 INFO  .:131 - The execution of method deleteUser started here ...
2021-11-02 07:50:26 INFO  .:147 - The execution of method deleteUser ended here ...
2021-11-02 07:50:26 INFO  .:166 - In Test Scenario CreateUser the method deleteUser execution status is :Pass
2021-11-02 07:50:26 INFO  .:76 - The execution of method logout started here ...
2021-11-02 07:50:30 INFO  .:88 - The execution of method logout ended here ...
2021-11-02 07:50:30 INFO  .:166 - In Test Scenario CreateUser the method logout execution status is :Pass
2021-11-02 07:50:30 INFO  .:121 - The execution of method closeApplication started here ...
2021-11-02 07:50:31 INFO  .:124 - The execution of method closeApplication ended here ...
2021-11-02 07:50:31 INFO  .:166 - In Test Scenario CreateUser the method closeApplication execution status is :Pass
2021-11-02 07:50:31 INFO  .:180 - +++++++++++++++++++++++++++++++
2021-11-02 07:50:32 INFO  .:86 - The execution of method navigate started here ...
2021-11-02 07:50:40 INFO  .:98 - The execution of method navigate ended here ...
2021-11-02 07:50:40 INFO  .:166 - In Test Scenario ModifyUser the method navigate execution status is :Pass
2021-11-02 07:50:40 INFO  .:32 - The execution of method login started here ...
2021-11-02 07:50:45 INFO  .:50 - The execution of method login ended here ...
2021-11-02 07:50:45 INFO  .:166 - In Test Scenario ModifyUser the method login execution status is :Pass
2021-11-02 07:50:48 INFO  .:166 - In Test Scenario ModifyUser the method minimizeFlyOutWindow execution status is :Pass
2021-11-02 07:50:48 INFO  .:32 - The execution of method createUser started here ...
2021-11-02 07:50:58 INFO  .:60 - The execution of method createUser ended here ...
2021-11-02 07:50:58 INFO  .:166 - In Test Scenario ModifyUser the method createUser execution status is :Pass
2021-11-02 07:50:58 INFO  .:86 - The execution of method modifyUser started here ...
2021-11-02 07:51:08 INFO  .:106 - The execution of method modifyUser ended here ...
2021-11-02 07:51:08 INFO  .:166 - In Test Scenario ModifyUser the method modifyUser execution status is :Fail
2021-11-02 07:51:08 INFO  .:131 - The execution of method deleteUser started here ...
2021-11-02 07:51:17 INFO  .:147 - The execution of method deleteUser ended here ...
2021-11-02 07:51:17 INFO  .:166 - In Test Scenario ModifyUser the method deleteUser execution status is :Pass
2021-11-02 07:51:17 INFO  .:76 - The execution of method logout started here ...
2021-11-02 07:51:22 INFO  .:88 - The execution of method logout ended here ...
2021-11-02 07:51:22 INFO  .:166 - In Test Scenario ModifyUser the method logout execution status is :Pass
2021-11-02 07:51:22 INFO  .:121 - The execution of method closeApplication started here ...
2021-11-02 07:51:22 INFO  .:124 - The execution of method closeApplication ended here ...
2021-11-02 07:51:22 INFO  .:166 - In Test Scenario ModifyUser the method closeApplication execution status is :Pass
2021-11-02 07:51:22 INFO  .:180 - +++++++++++++++++++++++++++++++
2021-11-02 07:51:22 INFO  .:180 - +++++++++++++++++++++++++++++++
2021-11-02 07:51:22 INFO  .:180 - +++++++++++++++++++++++++++++++
2021-11-02 07:51:22 INFO  .:180 - +++++++++++++++++++++++++++++++
2021-11-02 07:51:22 INFO  .:180 - +++++++++++++++++++++++++++++++
2021-11-02 07:51:22 INFO  .:183 - The execution of method executeTestScenarios ended here ...
2021-11-02 07:51:22 INFO  .:205 - The execution of method endAutomationSuite ended here ...
2021-11-02 07:51:22 INFO  .:208 - The execution of method endAutomationSuite ended here ...
2021-11-02 08:08:59 INFO  .:69 - The execution of method loadFiles started here ...
2021-11-02 08:08:59 INFO  .:84 - The execution of method loadFiles ended here ...
2021-11-02 08:09:00 INFO  .:86 - The execution of method navigate started here ...
2021-11-02 08:09:00 ERROR .:101 - there is an exception arised during the execution of the method navigate,The Exception :java.lang.NullPointerException: Cannot invoke "org.openqa.selenium.WebDriver.get(String)" because "oBrowser" is null
2021-11-02 08:09:00 INFO  .:166 - In Test Scenario Login the method navigate execution status is :Fail
2021-11-02 08:09:00 INFO  .:32 - The execution of method login started here ...
2021-11-02 08:09:00 ERROR .:53 - there is an exception arised during the execution of the method login,The Exception :java.lang.NullPointerException: Cannot invoke "org.openqa.selenium.WebDriver.findElement(org.openqa.selenium.By)" because "oBrowser" is null
2021-11-02 08:09:00 INFO  .:166 - In Test Scenario Login the method login execution status is :Fail
2021-11-02 08:09:01 INFO  .:166 - In Test Scenario Login the method minimizeFlyOutWindow execution status is :Fail
2021-11-02 08:09:01 INFO  .:76 - The execution of method logout started here ...
2021-11-02 08:09:01 ERROR .:91 - there is an exception arised during the execution of the method logout,The Exception :java.lang.NullPointerException: Cannot invoke "org.openqa.selenium.WebDriver.findElement(org.openqa.selenium.By)" because "oBrowser" is null
2021-11-02 08:09:01 INFO  .:166 - In Test Scenario Login the method logout execution status is :Fail
2021-11-02 08:09:01 INFO  .:121 - The execution of method closeApplication started here ...
2021-11-02 08:09:01 ERROR .:127 - there is an exception arised during the execution of the method closeApplication,The Exception :java.lang.NullPointerException: Cannot invoke "org.openqa.selenium.WebDriver.close()" because "oBrowser" is null
2021-11-02 08:09:01 INFO  .:166 - In Test Scenario Login the method closeApplication execution status is :Fail
2021-11-02 08:09:01 INFO  .:180 - +++++++++++++++++++++++++++++++
2021-11-02 08:09:01 INFO  .:86 - The execution of method navigate started here ...
2021-11-02 08:09:01 ERROR .:101 - there is an exception arised during the execution of the method navigate,The Exception :java.lang.NullPointerException: Cannot invoke "org.openqa.selenium.WebDriver.get(String)" because "oBrowser" is null
2021-11-02 08:09:01 INFO  .:166 - In Test Scenario CreateUser the method navigate execution status is :Fail
2021-11-02 08:09:01 INFO  .:32 - The execution of method login started here ...
2021-11-02 08:09:01 ERROR .:53 - there is an exception arised during the execution of the method login,The Exception :java.lang.NullPointerException: Cannot invoke "org.openqa.selenium.WebDriver.findElement(org.openqa.selenium.By)" because "oBrowser" is null
2021-11-02 08:09:01 INFO  .:166 - In Test Scenario CreateUser the method login execution status is :Fail
2021-11-02 08:09:01 INFO  .:166 - In Test Scenario CreateUser the method minimizeFlyOutWindow execution status is :Fail
2021-11-02 08:09:02 INFO  .:32 - The execution of method createUser started here ...
2021-11-02 08:09:02 ERROR .:63 - there is an exception arised during the execution of the method createUser,The Exception :java.lang.NullPointerException: Cannot invoke "org.openqa.selenium.WebDriver.findElement(org.openqa.selenium.By)" because "oBrowser" is null
2021-11-02 08:09:02 INFO  .:166 - In Test Scenario CreateUser the method createUser execution status is :Fail
2021-11-02 08:09:02 INFO  .:131 - The execution of method deleteUser started here ...
2021-11-02 08:09:02 ERROR .:150 - there is an exception arised during the execution of the method deleteUser,The Exception :java.lang.NullPointerException: Cannot invoke "org.openqa.selenium.WebDriver.findElement(org.openqa.selenium.By)" because "oBrowser" is null
2021-11-02 08:09:02 INFO  .:166 - In Test Scenario CreateUser the method deleteUser execution status is :Fail
2021-11-02 08:09:02 INFO  .:76 - The execution of method logout started here ...
2021-11-02 08:09:02 ERROR .:91 - there is an exception arised during the execution of the method logout,The Exception :java.lang.NullPointerException: Cannot invoke "org.openqa.selenium.WebDriver.findElement(org.openqa.selenium.By)" because "oBrowser" is null
2021-11-02 08:09:02 INFO  .:166 - In Test Scenario CreateUser the method logout execution status is :Fail
2021-11-02 08:09:02 INFO  .:121 - The execution of method closeApplication started here ...
2021-11-02 08:09:02 ERROR .:127 - there is an exception arised during the execution of the method closeApplication,The Exception :java.lang.NullPointerException: Cannot invoke "org.openqa.selenium.WebDriver.close()" because "oBrowser" is null
2021-11-02 08:09:02 INFO  .:166 - In Test Scenario CreateUser the method closeApplication execution status is :Fail
2021-11-02 08:09:02 INFO  .:180 - +++++++++++++++++++++++++++++++
2021-11-02 08:09:02 INFO  .:86 - The execution of method navigate started here ...
2021-11-02 08:09:02 ERROR .:101 - there is an exception arised during the execution of the method navigate,The Exception :java.lang.NullPointerException: Cannot invoke "org.openqa.selenium.WebDriver.get(String)" because "oBrowser" is null
2021-11-02 08:09:02 INFO  .:166 - In Test Scenario ModifyUser the method navigate execution status is :Fail
2021-11-02 08:09:02 INFO  .:32 - The execution of method login started here ...
2021-11-02 08:09:02 ERROR .:53 - there is an exception arised during the execution of the method login,The Exception :java.lang.NullPointerException: Cannot invoke "org.openqa.selenium.WebDriver.findElement(org.openqa.selenium.By)" because "oBrowser" is null
2021-11-02 08:09:02 INFO  .:166 - In Test Scenario ModifyUser the method login execution status is :Fail
2021-11-02 08:09:02 INFO  .:166 - In Test Scenario ModifyUser the method minimizeFlyOutWindow execution status is :Fail
2021-11-02 08:09:03 INFO  .:32 - The execution of method createUser started here ...
2021-11-02 08:09:03 ERROR .:63 - there is an exception arised during the execution of the method createUser,The Exception :java.lang.NullPointerException: Cannot invoke "org.openqa.selenium.WebDriver.findElement(org.openqa.selenium.By)" because "oBrowser" is null
2021-11-02 08:09:03 INFO  .:166 - In Test Scenario ModifyUser the method createUser execution status is :Fail
2021-11-02 08:09:03 INFO  .:86 - The execution of method modifyUser started here ...
2021-11-02 08:09:03 ERROR .:109 - there is an exception arised during the execution of the method modifyUser,The Exception :java.lang.NullPointerException: Cannot invoke "org.openqa.selenium.WebDriver.findElement(org.openqa.selenium.By)" because "oBrowser" is null
2021-11-02 08:09:03 INFO  .:166 - In Test Scenario ModifyUser the method modifyUser execution status is :Fail
2021-11-02 08:09:03 INFO  .:131 - The execution of method deleteUser started here ...
2021-11-02 08:09:03 ERROR .:150 - there is an exception arised during the execution of the method deleteUser,The Exception :java.lang.NullPointerException: Cannot invoke "org.openqa.selenium.WebDriver.findElement(org.openqa.selenium.By)" because "oBrowser" is null
2021-11-02 08:09:03 INFO  .:166 - In Test Scenario ModifyUser the method deleteUser execution status is :Fail
2021-11-02 08:09:03 INFO  .:76 - The execution of method logout started here ...
2021-11-02 08:09:03 ERROR .:91 - there is an exception arised during the execution of the method logout,The Exception :java.lang.NullPointerException: Cannot invoke "org.openqa.selenium.WebDriver.findElement(org.openqa.selenium.By)" because "oBrowser" is null
2021-11-02 08:09:03 INFO  .:166 - In Test Scenario ModifyUser the method logout execution status is :Fail
2021-11-02 08:09:03 INFO  .:121 - The execution of method closeApplication started here ...
2021-11-02 08:09:03 ERROR .:127 - there is an exception arised during the execution of the method closeApplication,The Exception :java.lang.NullPointerException: Cannot invoke "org.openqa.selenium.WebDriver.close()" because "oBrowser" is null
2021-11-02 08:09:03 INFO  .:166 - In Test Scenario ModifyUser the method closeApplication execution status is :Fail
2021-11-02 08:09:03 INFO  .:180 - +++++++++++++++++++++++++++++++
2021-11-02 08:09:03 INFO  .:180 - +++++++++++++++++++++++++++++++
2021-11-02 08:09:03 INFO  .:180 - +++++++++++++++++++++++++++++++
2021-11-02 08:09:03 INFO  .:180 - +++++++++++++++++++++++++++++++
2021-11-02 08:09:03 INFO  .:180 - +++++++++++++++++++++++++++++++
2021-11-02 08:09:03 INFO  .:183 - The execution of method executeTestScenarios ended here ...
2021-11-02 08:09:03 INFO  .:205 - The execution of method endAutomationSuite ended here ...
2021-11-02 08:09:03 INFO  .:208 - The execution of method endAutomationSuite ended here ...
2021-11-02 08:10:53 INFO  .:69 - The execution of method loadFiles started here ...
2021-11-02 08:10:53 INFO  .:84 - The execution of method loadFiles ended here ...
2021-11-02 08:10:56 INFO  .:86 - The execution of method navigate started here ...
2021-11-02 08:11:04 ERROR .:101 - there is an exception arised during the execution of the method navigate,The Exception :org.openqa.selenium.WebDriverException: unknown error: net::ERR_CONNECTION_REFUSED
  (Session info: chrome=95.0.4638.54)
Build info: version: '3.141.59', revision: 'e82be7d358', time: '2018-11-14T08:25:48'
System info: host: 'DESKTOP-GGL60OK', ip: '192.168.43.66', os.name: 'Windows 10', os.arch: 'amd64', os.version: '10.0', java.version: '16.0.1'
Driver info: org.openqa.selenium.chrome.ChromeDriver
Capabilities {acceptInsecureCerts: false, browserName: chrome, browserVersion: 95.0.4638.54, chrome: {chromedriverVersion: 94.0.4606.61 (418b78f5838ed..., userDataDir: C:\Users\vijay\AppData\Loca...}, goog:chromeOptions: {debuggerAddress: localhost:49689}, javascriptEnabled: true, networkConnectionEnabled: false, pageLoadStrategy: normal, platform: WINDOWS, platformName: WINDOWS, proxy: Proxy(), setWindowRect: true, strictFileInteractability: false, timeouts: {implicit: 0, pageLoad: 300000, script: 30000}, unhandledPromptBehavior: dismiss and notify, webauthn:extension:credBlob: true, webauthn:extension:largeBlob: true, webauthn:virtualAuthenticators: true}
Session ID: d5d6c68931e9b1bea188755c4b6b64b2
2021-11-02 08:11:05 INFO  .:166 - In Test Scenario Login the method navigate execution status is :Fail
2021-11-02 08:11:05 INFO  .:32 - The execution of method login started here ...
2021-11-02 08:11:05 ERROR .:53 - there is an exception arised during the execution of the method login,The Exception :org.openqa.selenium.NoSuchElementException: no such element: Unable to locate element: {"method":"css selector","selector":"#username"}
  (Session info: chrome=95.0.4638.54)
For documentation on this error, please visit: https://www.seleniumhq.org/exceptions/no_such_element.html
Build info: version: '3.141.59', revision: 'e82be7d358', time: '2018-11-14T08:25:48'
System info: host: 'DESKTOP-GGL60OK', ip: '192.168.43.66', os.name: 'Windows 10', os.arch: 'amd64', os.version: '10.0', java.version: '16.0.1'
Driver info: org.openqa.selenium.chrome.ChromeDriver
Capabilities {acceptInsecureCerts: false, browserName: chrome, browserVersion: 95.0.4638.54, chrome: {chromedriverVersion: 94.0.4606.61 (418b78f5838ed..., userDataDir: C:\Users\vijay\AppData\Loca...}, goog:chromeOptions: {debuggerAddress: localhost:49689}, javascriptEnabled: true, networkConnectionEnabled: false, pageLoadStrategy: normal, platform: WINDOWS, platformName: WINDOWS, proxy: Proxy(), setWindowRect: true, strictFileInteractability: false, timeouts: {implicit: 0, pageLoad: 300000, script: 30000}, unhandledPromptBehavior: dismiss and notify, webauthn:extension:credBlob: true, webauthn:extension:largeBlob: true, webauthn:virtualAuthenticators: true}
Session ID: d5d6c68931e9b1bea188755c4b6b64b2
*** Element info: {Using=id, value=username}
2021-11-02 08:11:05 INFO  .:166 - In Test Scenario Login the method login execution status is :Fail
2021-11-02 08:11:05 INFO  .:166 - In Test Scenario Login the method minimizeFlyOutWindow execution status is :Fail
2021-11-02 08:11:05 INFO  .:76 - The execution of method logout started here ...
2021-11-02 08:11:05 ERROR .:91 - there is an exception arised during the execution of the method logout,The Exception :org.openqa.selenium.NoSuchElementException: no such element: Unable to locate element: {"method":"xpath","selector":"//a[text()='Logout']"}
  (Session info: chrome=95.0.4638.54)
For documentation on this error, please visit: https://www.seleniumhq.org/exceptions/no_such_element.html
Build info: version: '3.141.59', revision: 'e82be7d358', time: '2018-11-14T08:25:48'
System info: host: 'DESKTOP-GGL60OK', ip: '192.168.43.66', os.name: 'Windows 10', os.arch: 'amd64', os.version: '10.0', java.version: '16.0.1'
Driver info: org.openqa.selenium.chrome.ChromeDriver
Capabilities {acceptInsecureCerts: false, browserName: chrome, browserVersion: 95.0.4638.54, chrome: {chromedriverVersion: 94.0.4606.61 (418b78f5838ed..., userDataDir: C:\Users\vijay\AppData\Loca...}, goog:chromeOptions: {debuggerAddress: localhost:49689}, javascriptEnabled: true, networkConnectionEnabled: false, pageLoadStrategy: normal, platform: WINDOWS, platformName: WINDOWS, proxy: Proxy(), setWindowRect: true, strictFileInteractability: false, timeouts: {implicit: 0, pageLoad: 300000, script: 30000}, unhandledPromptBehavior: dismiss and notify, webauthn:extension:credBlob: true, webauthn:extension:largeBlob: true, webauthn:virtualAuthenticators: true}
Session ID: d5d6c68931e9b1bea188755c4b6b64b2
*** Element info: {Using=xpath, value=//a[text()='Logout']}
2021-11-02 08:11:05 INFO  .:166 - In Test Scenario Login the method logout execution status is :Fail
2021-11-02 08:11:05 INFO  .:121 - The execution of method closeApplication started here ...
2021-11-02 08:11:06 INFO  .:124 - The execution of method closeApplication ended here ...
2021-11-02 08:11:06 INFO  .:166 - In Test Scenario Login the method closeApplication execution status is :Pass
2021-11-02 08:11:06 INFO  .:180 - +++++++++++++++++++++++++++++++
2021-11-02 08:11:07 INFO  .:86 - The execution of method navigate started here ...
2021-11-02 08:11:09 ERROR .:101 - there is an exception arised during the execution of the method navigate,The Exception :org.openqa.selenium.WebDriverException: unknown error: cannot determine loading status
from disconnected: received Inspector.detached event
  (Session info: chrome=95.0.4638.54)
Build info: version: '3.141.59', revision: 'e82be7d358', time: '2018-11-14T08:25:48'
System info: host: 'DESKTOP-GGL60OK', ip: '192.168.43.66', os.name: 'Windows 10', os.arch: 'amd64', os.version: '10.0', java.version: '16.0.1'
Driver info: org.openqa.selenium.chrome.ChromeDriver
Capabilities {acceptInsecureCerts: false, browserName: chrome, browserVersion: 95.0.4638.54, chrome: {chromedriverVersion: 94.0.4606.61 (418b78f5838ed..., userDataDir: C:\Users\vijay\AppData\Loca...}, goog:chromeOptions: {debuggerAddress: localhost:54521}, javascriptEnabled: true, networkConnectionEnabled: false, pageLoadStrategy: normal, platform: WINDOWS, platformName: WINDOWS, proxy: Proxy(), setWindowRect: true, strictFileInteractability: false, timeouts: {implicit: 0, pageLoad: 300000, script: 30000}, unhandledPromptBehavior: dismiss and notify, webauthn:extension:credBlob: true, webauthn:extension:largeBlob: true, webauthn:virtualAuthenticators: true}
Session ID: 69944941c1cfef7bf053ee3700836908
2021-11-02 08:11:09 INFO  .:166 - In Test Scenario CreateUser the method navigate execution status is :Fail
2021-11-02 08:11:09 INFO  .:32 - The execution of method login started here ...
2021-11-02 08:11:39 INFO  .:69 - The execution of method loadFiles started here ...
2021-11-02 08:11:39 INFO  .:84 - The execution of method loadFiles ended here ...
2021-11-02 08:11:41 INFO  .:86 - The execution of method navigate started here ...
2021-11-02 08:11:49 ERROR .:101 - there is an exception arised during the execution of the method navigate,The Exception :org.openqa.selenium.WebDriverException: unknown error: net::ERR_CONNECTION_REFUSED
  (Session info: chrome=95.0.4638.54)
Build info: version: '3.141.59', revision: 'e82be7d358', time: '2018-11-14T08:25:48'
System info: host: 'DESKTOP-GGL60OK', ip: '192.168.43.66', os.name: 'Windows 10', os.arch: 'amd64', os.version: '10.0', java.version: '16.0.1'
Driver info: org.openqa.selenium.chrome.ChromeDriver
Capabilities {acceptInsecureCerts: false, browserName: chrome, browserVersion: 95.0.4638.54, chrome: {chromedriverVersion: 94.0.4606.61 (418b78f5838ed..., userDataDir: C:\Users\vijay\AppData\Loca...}, goog:chromeOptions: {debuggerAddress: localhost:64546}, javascriptEnabled: true, networkConnectionEnabled: false, pageLoadStrategy: normal, platform: WINDOWS, platformName: WINDOWS, proxy: Proxy(), setWindowRect: true, strictFileInteractability: false, timeouts: {implicit: 0, pageLoad: 300000, script: 30000}, unhandledPromptBehavior: dismiss and notify, webauthn:extension:credBlob: true, webauthn:extension:largeBlob: true, webauthn:virtualAuthenticators: true}
Session ID: 2248270d5d42f42ae3e8d720866428bd
2021-11-02 08:11:50 INFO  .:166 - In Test Scenario Login the method navigate execution status is :Fail
2021-11-02 08:11:50 INFO  .:32 - The execution of method login started here ...
2021-11-02 08:11:50 ERROR .:53 - there is an exception arised during the execution of the method login,The Exception :org.openqa.selenium.NoSuchElementException: no such element: Unable to locate element: {"method":"css selector","selector":"#username"}
  (Session info: chrome=95.0.4638.54)
For documentation on this error, please visit: https://www.seleniumhq.org/exceptions/no_such_element.html
Build info: version: '3.141.59', revision: 'e82be7d358', time: '2018-11-14T08:25:48'
System info: host: 'DESKTOP-GGL60OK', ip: '192.168.43.66', os.name: 'Windows 10', os.arch: 'amd64', os.version: '10.0', java.version: '16.0.1'
Driver info: org.openqa.selenium.chrome.ChromeDriver
Capabilities {acceptInsecureCerts: false, browserName: chrome, browserVersion: 95.0.4638.54, chrome: {chromedriverVersion: 94.0.4606.61 (418b78f5838ed..., userDataDir: C:\Users\vijay\AppData\Loca...}, goog:chromeOptions: {debuggerAddress: localhost:64546}, javascriptEnabled: true, networkConnectionEnabled: false, pageLoadStrategy: normal, platform: WINDOWS, platformName: WINDOWS, proxy: Proxy(), setWindowRect: true, strictFileInteractability: false, timeouts: {implicit: 0, pageLoad: 300000, script: 30000}, unhandledPromptBehavior: dismiss and notify, webauthn:extension:credBlob: true, webauthn:extension:largeBlob: true, webauthn:virtualAuthenticators: true}
Session ID: 2248270d5d42f42ae3e8d720866428bd
*** Element info: {Using=id, value=username}
2021-11-02 08:11:50 INFO  .:166 - In Test Scenario Login the method login execution status is :Fail
2021-11-02 08:11:50 INFO  .:166 - In Test Scenario Login the method minimizeFlyOutWindow execution status is :Fail
2021-11-02 08:11:50 INFO  .:76 - The execution of method logout started here ...
2021-11-02 08:11:50 ERROR .:91 - there is an exception arised during the execution of the method logout,The Exception :org.openqa.selenium.NoSuchElementException: no such element: Unable to locate element: {"method":"xpath","selector":"//a[text()='Logout']"}
  (Session info: chrome=95.0.4638.54)
For documentation on this error, please visit: https://www.seleniumhq.org/exceptions/no_such_element.html
Build info: version: '3.141.59', revision: 'e82be7d358', time: '2018-11-14T08:25:48'
System info: host: 'DESKTOP-GGL60OK', ip: '192.168.43.66', os.name: 'Windows 10', os.arch: 'amd64', os.version: '10.0', java.version: '16.0.1'
Driver info: org.openqa.selenium.chrome.ChromeDriver
Capabilities {acceptInsecureCerts: false, browserName: chrome, browserVersion: 95.0.4638.54, chrome: {chromedriverVersion: 94.0.4606.61 (418b78f5838ed..., userDataDir: C:\Users\vijay\AppData\Loca...}, goog:chromeOptions: {debuggerAddress: localhost:64546}, javascriptEnabled: true, networkConnectionEnabled: false, pageLoadStrategy: normal, platform: WINDOWS, platformName: WINDOWS, proxy: Proxy(), setWindowRect: true, strictFileInteractability: false, timeouts: {implicit: 0, pageLoad: 300000, script: 30000}, unhandledPromptBehavior: dismiss and notify, webauthn:extension:credBlob: true, webauthn:extension:largeBlob: true, webauthn:virtualAuthenticators: true}
Session ID: 2248270d5d42f42ae3e8d720866428bd
*** Element info: {Using=xpath, value=//a[text()='Logout']}
2021-11-02 08:11:50 INFO  .:166 - In Test Scenario Login the method logout execution status is :Fail
2021-11-02 08:11:50 INFO  .:121 - The execution of method closeApplication started here ...
2021-11-02 08:11:51 INFO  .:124 - The execution of method closeApplication ended here ...
2021-11-02 08:11:51 INFO  .:166 - In Test Scenario Login the method closeApplication execution status is :Pass
2021-11-02 08:11:51 INFO  .:180 - +++++++++++++++++++++++++++++++
2021-11-02 08:11:52 INFO  .:86 - The execution of method navigate started here ...
2021-11-02 08:11:54 ERROR .:101 - there is an exception arised during the execution of the method navigate,The Exception :org.openqa.selenium.WebDriverException: unknown error: cannot determine loading status
from disconnected: received Inspector.detached event
  (Session info: chrome=95.0.4638.54)
Build info: version: '3.141.59', revision: 'e82be7d358', time: '2018-11-14T08:25:48'
System info: host: 'DESKTOP-GGL60OK', ip: '192.168.43.66', os.name: 'Windows 10', os.arch: 'amd64', os.version: '10.0', java.version: '16.0.1'
Driver info: org.openqa.selenium.chrome.ChromeDriver
Capabilities {acceptInsecureCerts: false, browserName: chrome, browserVersion: 95.0.4638.54, chrome: {chromedriverVersion: 94.0.4606.61 (418b78f5838ed..., userDataDir: C:\Users\vijay\AppData\Loca...}, goog:chromeOptions: {debuggerAddress: localhost:53911}, javascriptEnabled: true, networkConnectionEnabled: false, pageLoadStrategy: normal, platform: WINDOWS, platformName: WINDOWS, proxy: Proxy(), setWindowRect: true, strictFileInteractability: false, timeouts: {implicit: 0, pageLoad: 300000, script: 30000}, unhandledPromptBehavior: dismiss and notify, webauthn:extension:credBlob: true, webauthn:extension:largeBlob: true, webauthn:virtualAuthenticators: true}
Session ID: 2dcd0819cb19f771ae8867a2b50a2cdb
2021-11-02 08:11:54 INFO  .:166 - In Test Scenario CreateUser the method navigate execution status is :Fail
2021-11-02 08:11:54 INFO  .:32 - The execution of method login started here ...
2021-11-02 08:16:30 INFO  .:69 - The execution of method loadFiles started here ...
2021-11-02 08:16:30 INFO  .:84 - The execution of method loadFiles ended here ...
2021-11-02 08:16:33 INFO  .:86 - The execution of method navigate started here ...
2021-11-02 08:16:39 INFO  .:98 - The execution of method navigate ended here ...
2021-11-02 08:16:39 INFO  .:166 - In Test Scenario Login the method navigate execution status is :Pass
2021-11-02 08:16:40 INFO  .:32 - The execution of method login started here ...
2021-11-02 08:16:45 INFO  .:50 - The execution of method login ended here ...
2021-11-02 08:16:45 INFO  .:166 - In Test Scenario Login the method login execution status is :Pass
2021-11-02 08:16:47 INFO  .:166 - In Test Scenario Login the method minimizeFlyOutWindow execution status is :Pass
2021-11-02 08:16:47 INFO  .:76 - The execution of method logout started here ...
2021-11-02 08:16:51 INFO  .:88 - The execution of method logout ended here ...
2021-11-02 08:16:51 INFO  .:166 - In Test Scenario Login the method logout execution status is :Pass
2021-11-02 08:16:52 INFO  .:121 - The execution of method closeApplication started here ...
2021-11-02 08:16:56 INFO  .:124 - The execution of method closeApplication ended here ...
2021-11-02 08:16:56 INFO  .:166 - In Test Scenario Login the method closeApplication execution status is :Pass
2021-11-02 08:16:56 INFO  .:180 - +++++++++++++++++++++++++++++++
2021-11-02 08:16:57 INFO  .:86 - The execution of method navigate started here ...
2021-11-02 08:17:03 INFO  .:98 - The execution of method navigate ended here ...
2021-11-02 08:17:03 INFO  .:166 - In Test Scenario CreateUser the method navigate execution status is :Pass
2021-11-02 08:17:03 INFO  .:32 - The execution of method login started here ...
2021-11-02 08:17:08 INFO  .:50 - The execution of method login ended here ...
2021-11-02 08:17:08 INFO  .:166 - In Test Scenario CreateUser the method login execution status is :Pass
2021-11-02 08:17:10 INFO  .:166 - In Test Scenario CreateUser the method minimizeFlyOutWindow execution status is :Pass
2021-11-02 08:17:10 INFO  .:32 - The execution of method createUser started here ...
2021-11-02 08:17:21 INFO  .:60 - The execution of method createUser ended here ...
2021-11-02 08:17:21 INFO  .:166 - In Test Scenario CreateUser the method createUser execution status is :Pass
2021-11-02 08:17:21 INFO  .:131 - The execution of method deleteUser started here ...
2021-11-02 08:17:30 INFO  .:147 - The execution of method deleteUser ended here ...
2021-11-02 08:17:30 INFO  .:166 - In Test Scenario CreateUser the method deleteUser execution status is :Pass
2021-11-02 08:17:30 INFO  .:76 - The execution of method logout started here ...
2021-11-02 08:17:35 INFO  .:88 - The execution of method logout ended here ...
2021-11-02 08:17:35 INFO  .:166 - In Test Scenario CreateUser the method logout execution status is :Pass
2021-11-02 08:17:35 INFO  .:121 - The execution of method closeApplication started here ...
2021-11-02 08:17:35 INFO  .:124 - The execution of method closeApplication ended here ...
2021-11-02 08:17:35 INFO  .:166 - In Test Scenario CreateUser the method closeApplication execution status is :Pass
2021-11-02 08:17:35 INFO  .:180 - +++++++++++++++++++++++++++++++
2021-11-02 08:17:36 INFO  .:86 - The execution of method navigate started here ...
2021-11-02 08:17:42 INFO  .:98 - The execution of method navigate ended here ...
2021-11-02 08:17:42 INFO  .:166 - In Test Scenario ModifyUser the method navigate execution status is :Pass
2021-11-02 08:17:42 INFO  .:32 - The execution of method login started here ...
2021-11-02 08:17:47 INFO  .:50 - The execution of method login ended here ...
2021-11-02 08:17:47 INFO  .:166 - In Test Scenario ModifyUser the method login execution status is :Pass
2021-11-02 08:17:49 INFO  .:166 - In Test Scenario ModifyUser the method minimizeFlyOutWindow execution status is :Pass
2021-11-02 08:17:49 INFO  .:32 - The execution of method createUser started here ...
2021-11-02 08:18:05 INFO  .:60 - The execution of method createUser ended here ...
2021-11-02 08:18:05 INFO  .:166 - In Test Scenario ModifyUser the method createUser execution status is :Pass
2021-11-02 08:18:05 INFO  .:86 - The execution of method modifyUser started here ...
2021-11-02 08:18:14 INFO  .:106 - The execution of method modifyUser ended here ...
2021-11-02 08:18:15 INFO  .:166 - In Test Scenario ModifyUser the method modifyUser execution status is :Fail
2021-11-02 08:18:15 INFO  .:131 - The execution of method deleteUser started here ...
2021-11-02 08:18:24 INFO  .:147 - The execution of method deleteUser ended here ...
2021-11-02 08:18:24 INFO  .:166 - In Test Scenario ModifyUser the method deleteUser execution status is :Pass
2021-11-02 08:18:24 INFO  .:76 - The execution of method logout started here ...
2021-11-02 08:18:28 INFO  .:88 - The execution of method logout ended here ...
2021-11-02 08:18:28 INFO  .:166 - In Test Scenario ModifyUser the method logout execution status is :Pass
2021-11-02 08:18:28 INFO  .:121 - The execution of method closeApplication started here ...
2021-11-02 08:18:28 INFO  .:124 - The execution of method closeApplication ended here ...
2021-11-02 08:18:28 INFO  .:166 - In Test Scenario ModifyUser the method closeApplication execution status is :Pass
2021-11-02 08:18:28 INFO  .:180 - +++++++++++++++++++++++++++++++
2021-11-02 08:18:28 INFO  .:180 - +++++++++++++++++++++++++++++++
2021-11-02 08:18:28 INFO  .:180 - +++++++++++++++++++++++++++++++
2021-11-02 08:18:28 INFO  .:180 - +++++++++++++++++++++++++++++++
2021-11-02 08:18:28 INFO  .:180 - +++++++++++++++++++++++++++++++
2021-11-02 08:18:28 INFO  .:183 - The execution of method executeTestScenarios ended here ...
2021-11-02 08:18:29 INFO  .:205 - The execution of method endAutomationSuite ended here ...
2021-11-02 08:18:29 INFO  .:208 - The execution of method endAutomationSuite ended here ...
